<?xml version="1.0" encoding="UTF-8"?>
<!-- Generated by org.testng.reporters.JUnitXMLReporter -->
<testsuite ignored="0" hostname="PluginHives-MacBook-Air-3.local" failures="1" tests="7" name="Surefire test" time="7.687" errors="0" timestamp="2026-03-17T15:07:23 IST">
  <testcase classname="com.eventmanagement.tests.e2e.FullJourneyTest" name="step1_RegisterNewUser" time="5.32"/>
  <testcase classname="com.eventmanagement.tests.e2e.FullJourneyTest" name="step2_LoginWithRegisteredUser" time="0.143"/>
  <testcase classname="com.eventmanagement.tests.e2e.FullJourneyTest" name="step3_CreateEvent" time="0.217"/>
  <testcase classname="com.eventmanagement.tests.e2e.FullJourneyTest" name="step4_BookTheEvent" time="0.135">
    <failure type="java.lang.AssertionError" message="Booking ref should start with EVT- expected [true] but found [false]">
      <![CDATA[java.lang.AssertionError: Booking ref should start with EVT- expected [true] but found [false]
at com.eventmanagement.tests.e2e.FullJourneyTest.step4_BookTheEvent(FullJourneyTest.java:89)
at java.base/java.util.ArrayList.forEach(ArrayList.java:1604)
... Removed 33 stack frames]]>
    </failure>
  </testcase> <!-- step4_BookTheEvent -->
  <testcase classname="com.eventmanagement.tests.e2e.FullJourneyTest" name="step5_VerifyBookingInListing" time="0.0">
    <skipped/>
  </testcase> <!-- step5_VerifyBookingInListing -->
  <testcase classname="com.eventmanagement.tests.e2e.FullJourneyTest" name="step6_CancelBookingAndVerifySeats" time="0.0">
    <skipped/>
  </testcase> <!-- step6_CancelBookingAndVerifySeats -->
  <testcase classname="com.eventmanagement.tests.e2e.FullJourneyTest" name="step7_DeleteEventAndVerify" time="0.0">
    <skipped/>
  </testcase> <!-- step7_DeleteEventAndVerify -->
</testsuite> <!-- Surefire test -->
