<?xml version="1.0" encoding="UTF-8"?>
<!-- Generated by org.testng.reporters.JUnitXMLReporter -->
<testsuite ignored="40" hostname="PluginHives-MacBook-Air-3.local" failures="0" tests="0" time="0.005" errors="0" timestamp="2026-03-17T15:08:11 IST">
  <testcase classname="com.eventmanagement.tests.api.AuthApiTest" name="shouldRejectDuplicateEmail" time="0.0">
    <ignored/>
  </testcase> <!-- shouldRejectDuplicateEmail -->
  <testcase classname="com.eventmanagement.tests.api.AuthApiTest" name="shouldRejectWrongPassword" time="0.0">
    <ignored/>
  </testcase> <!-- shouldRejectWrongPassword -->
  <testcase classname="com.eventmanagement.tests.api.AuthApiTest" name="shouldLoginWithValidCredentials" time="0.0">
    <ignored/>
  </testcase> <!-- shouldLoginWithValidCredentials -->
  <testcase classname="com.eventmanagement.tests.api.AuthApiTest" name="shouldReturn401WithoutToken" time="0.0">
    <ignored/>
  </testcase> <!-- shouldReturn401WithoutToken -->
  <testcase classname="com.eventmanagement.tests.api.EventsApiTest" name="shouldGetSingleEventById" time="0.0">
    <ignored/>
  </testcase> <!-- shouldGetSingleEventById -->
  <testcase classname="com.eventmanagement.tests.api.BookingsApiTest" name="shouldReturn404ForInvalidReference" time="0.0">
    <ignored/>
  </testcase> <!-- shouldReturn404ForInvalidReference -->
  <testcase classname="com.eventmanagement.tests.api.BookingsApiTest" name="shouldListAllBookingsPaginated" time="0.0">
    <ignored/>
  </testcase> <!-- shouldListAllBookingsPaginated -->
  <testcase classname="com.eventmanagement.tests.api.BookingsApiTest" name="shouldRejectWhenInsufficientSeatsAvailable" time="0.0">
    <ignored/>
  </testcase> <!-- shouldRejectWhenInsufficientSeatsAvailable -->
  <testcase classname="com.eventmanagement.tests.api.HealthApiTest" name="shouldReturnFeatureFlagObject" time="0.0">
    <ignored/>
  </testcase> <!-- shouldReturnFeatureFlagObject -->
  <testcase classname="com.eventmanagement.tests.api.HealthApiTest" name="healthResponseTimeShouldBeUnder2Seconds" time="0.0">
    <ignored/>
  </testcase> <!-- healthResponseTimeShouldBeUnder2Seconds -->
  <testcase classname="com.eventmanagement.tests.api.EventsApiTest" name="shouldFilterEventsByCity" time="0.0">
    <ignored/>
  </testcase> <!-- shouldFilterEventsByCity -->
  <testcase classname="com.eventmanagement.tests.api.BookingsApiTest" name="shouldReturn404ForNonExistentBooking" time="0.0">
    <ignored/>
  </testcase> <!-- shouldReturn404ForNonExistentBooking -->
  <testcase classname="com.eventmanagement.tests.api.BookingsApiTest" name="shouldDecrementAvailableSeatsAtomically" time="0.0">
    <ignored/>
  </testcase> <!-- shouldDecrementAvailableSeatsAtomically -->
  <testcase classname="com.eventmanagement.tests.api.BookingsApiTest" name="shouldGenerateUniqueBookingReference" time="0.0">
    <ignored/>
  </testcase> <!-- shouldGenerateUniqueBookingReference -->
  <testcase classname="com.eventmanagement.tests.api.AuthApiTest" name="shouldReturnUserIdentityWithValidToken" time="0.0">
    <ignored/>
  </testcase> <!-- shouldReturnUserIdentityWithValidToken -->
  <testcase classname="com.eventmanagement.tests.api.BookingsApiTest" name="shouldReturn404WhenCancellingNonExistentBooking" time="0.0">
    <ignored/>
  </testcase> <!-- shouldReturn404WhenCancellingNonExistentBooking -->
  <testcase classname="com.eventmanagement.tests.api.BookingsApiTest" name="shouldCreateBookingSuccessfully" time="0.0">
    <ignored/>
  </testcase> <!-- shouldCreateBookingSuccessfully -->
  <testcase classname="com.eventmanagement.tests.api.HealthApiTest" name="shouldReturnHealthyStatus" time="0.0">
    <ignored/>
  </testcase> <!-- shouldReturnHealthyStatus -->
  <testcase classname="com.eventmanagement.tests.api.AuthApiTest" name="shouldReturn401WithInvalidToken" time="0.0">
    <ignored/>
  </testcase> <!-- shouldReturn401WithInvalidToken -->
  <testcase classname="com.eventmanagement.tests.api.EventsApiTest" name="shouldListEventsWithPagination" time="0.0">
    <ignored/>
  </testcase> <!-- shouldListEventsWithPagination -->
  <testcase classname="com.eventmanagement.tests.api.EventsApiTest" name="shouldFilterEventsByCategory" time="0.0">
    <ignored/>
  </testcase> <!-- shouldFilterEventsByCategory -->
  <testcase classname="com.eventmanagement.tests.api.EventsApiTest" name="shouldReturn404ForNonExistentEvent" time="0.0">
    <ignored/>
  </testcase> <!-- shouldReturn404ForNonExistentEvent -->
  <testcase classname="com.eventmanagement.tests.api.EventsApiTest" name="shouldCreateEventSuccessfully" time="0.0">
    <ignored/>
  </testcase> <!-- shouldCreateEventSuccessfully -->
  <testcase classname="com.eventmanagement.tests.api.BookingsApiTest" name="shouldFilterBookingsByStatus" time="0.0">
    <ignored/>
  </testcase> <!-- shouldFilterBookingsByStatus -->
  <testcase classname="com.eventmanagement.tests.api.AuthApiTest" name="shouldRegisterNewUserSuccessfully" time="0.0">
    <ignored/>
  </testcase> <!-- shouldRegisterNewUserSuccessfully -->
  <testcase classname="com.eventmanagement.tests.api.AuthApiTest" name="shouldRejectShortPassword" time="0.0">
    <ignored/>
  </testcase> <!-- shouldRejectShortPassword -->
  <testcase classname="com.eventmanagement.tests.api.BookingsApiTest" name="shouldFindBookingByReference" time="0.0">
    <ignored/>
  </testcase> <!-- shouldFindBookingByReference -->
  <testcase classname="com.eventmanagement.tests.api.EventsApiTest" name="shouldRejectEventWithMissingRequiredFields" time="0.0">
    <ignored/>
  </testcase> <!-- shouldRejectEventWithMissingRequiredFields -->
  <testcase classname="com.eventmanagement.tests.api.BookingsApiTest" name="shouldRejectQuantityZero" time="0.0">
    <ignored/>
  </testcase> <!-- shouldRejectQuantityZero -->
  <testcase classname="com.eventmanagement.tests.api.EventsApiTest" name="shouldReturn404WhenDeletingNonExistentEvent" time="0.0">
    <ignored/>
  </testcase> <!-- shouldReturn404WhenDeletingNonExistentEvent -->
  <testcase classname="com.eventmanagement.tests.api.EventsApiTest" name="shouldUpdateEvent" time="0.0">
    <ignored/>
  </testcase> <!-- shouldUpdateEvent -->
  <testcase classname="com.eventmanagement.tests.api.BookingsApiTest" name="shouldRejectBookingForNonExistentEvent" time="0.0">
    <ignored/>
  </testcase> <!-- shouldRejectBookingForNonExistentEvent -->
  <testcase classname="com.eventmanagement.tests.api.BookingsApiTest" name="shouldFilterBookingsByEventId" time="0.0">
    <ignored/>
  </testcase> <!-- shouldFilterBookingsByEventId -->
  <testcase classname="com.eventmanagement.tests.api.BookingsApiTest" name="shouldRejectQuantityExceedingLimit" time="0.0">
    <ignored/>
  </testcase> <!-- shouldRejectQuantityExceedingLimit -->
  <testcase classname="com.eventmanagement.tests.api.BookingsApiTest" name="shouldGetSingleBookingById" time="0.0">
    <ignored/>
  </testcase> <!-- shouldGetSingleBookingById -->
  <testcase classname="com.eventmanagement.tests.api.EventsApiTest" name="shouldDeleteEvent" time="0.0">
    <ignored/>
  </testcase> <!-- shouldDeleteEvent -->
  <testcase classname="com.eventmanagement.tests.api.EventsApiTest" name="shouldSearchEventsByKeyword" time="0.0">
    <ignored/>
  </testcase> <!-- shouldSearchEventsByKeyword -->
  <testcase classname="com.eventmanagement.tests.api.AuthApiTest" name="shouldRejectInvalidEmailFormats" time="0.0">
    <ignored/>
  </testcase> <!-- shouldRejectInvalidEmailFormats -->
  <testcase classname="com.eventmanagement.tests.api.AuthApiTest" name="shouldRejectUnregisteredEmail" time="0.0">
    <ignored/>
  </testcase> <!-- shouldRejectUnregisteredEmail -->
  <testcase classname="com.eventmanagement.tests.api.BookingsApiTest" name="shouldCancelBookingAndRestoreSeats" time="0.0">
    <ignored/>
  </testcase> <!-- shouldCancelBookingAndRestoreSeats -->
</testsuite>
