<?xml version="1.0" encoding="UTF-8"?>
<!-- Generated by org.testng.reporters.JUnitXMLReporter -->
<testsuite ignored="0" hostname="PluginHives-MacBook-Air-3.local" failures="0" tests="7" name="E2E Tests" time="2.687" errors="0" timestamp="2026-03-17T15:08:25 IST">
  <testcase classname="com.eventmanagement.tests.e2e.FullJourneyTest" name="step1_RegisterNewUser" time="0.293"/>
  <testcase classname="com.eventmanagement.tests.e2e.FullJourneyTest" name="step2_LoginWithRegisteredUser" time="1.117"/>
  <testcase classname="com.eventmanagement.tests.e2e.FullJourneyTest" name="step3_CreateEvent" time="0.128"/>
  <testcase classname="com.eventmanagement.tests.e2e.FullJourneyTest" name="step4_BookTheEvent" time="0.247"/>
  <testcase classname="com.eventmanagement.tests.e2e.FullJourneyTest" name="step5_VerifyBookingInListing" time="0.118"/>
  <testcase classname="com.eventmanagement.tests.e2e.FullJourneyTest" name="step6_CancelBookingAndVerifySeats" time="0.338"/>
  <testcase classname="com.eventmanagement.tests.e2e.FullJourneyTest" name="step7_DeleteEventAndVerify" time="0.208"/>
</testsuite> <!-- E2E Tests -->
