<?xml version="1.0" encoding="UTF-8"?>
<!-- Generated by org.testng.reporters.JUnitXMLReporter -->
<testsuite ignored="0" hostname="PluginHives-MacBook-Air-3.local" failures="0" tests="4" name="Integration Tests" time="4.481" errors="0" timestamp="2026-03-17T15:08:15 IST">
  <testcase classname="com.eventmanagement.tests.integration.ApiIntegrationTest" name="createEventThenBookIt" time="0.54"/>
  <testcase classname="com.eventmanagement.tests.integration.ApiIntegrationTest" name="fullBookingLifecycle" time="0.664"/>
  <testcase classname="com.eventmanagement.tests.integration.ApiIntegrationTest" name="singleTokenShouldAccessAllResources" time="0.341"/>
  <testcase classname="com.eventmanagement.tests.integration.ApiIntegrationTest" name="updateEventAndVerifyViaGet" time="0.425"/>
</testsuite> <!-- Integration Tests -->
