<?xml version="1.0" encoding="UTF-8"?>
<!-- Generated by org.testng.reporters.JUnitXMLReporter -->
<testsuite ignored="0" hostname="PluginHives-MacBook-Air-3.local" failures="0" tests="6" name="Performance Tests" time="6.822" errors="0" timestamp="2026-03-17T15:08:22 IST">
  <testcase classname="com.eventmanagement.tests.performance.PerformanceTest" name="createEventEndpointShouldRespondUnder2s" time="0.141"/>
  <testcase classname="com.eventmanagement.tests.performance.PerformanceTest" name="getEventByIdShouldRespondUnder2s" time="0.266"/>
  <testcase classname="com.eventmanagement.tests.performance.PerformanceTest" name="healthEndpointShouldRespondUnder2s" time="5.122"/>
  <testcase classname="com.eventmanagement.tests.performance.PerformanceTest" name="listBookingsEndpointShouldRespondUnder2s" time="0.127"/>
  <testcase classname="com.eventmanagement.tests.performance.PerformanceTest" name="listEventsEndpointShouldRespondUnder2s" time="0.115"/>
  <testcase classname="com.eventmanagement.tests.performance.PerformanceTest" name="loginEndpointShouldRespondUnder2s" time="0.215"/>
</testsuite> <!-- Performance Tests -->
