<?xml version="1.0" encoding="UTF-8"?>
<testsuite xmlns:xsi="http://www.w3.org/2001/XMLSchema-instance" xsi:noNamespaceSchemaLocation="https://maven.apache.org/surefire/maven-surefire-plugin/xsd/surefire-test-report.xsd" version="3.0.2" name="com.eventmanagement.tests.e2e.FullJourneyTest" time="8.107" tests="7" errors="0" skipped="3" failures="1">
  <properties>
[...]
</properties>
  <testcase name="step1_RegisterNewUser" classname="com.eventmanagement.tests.e2e.FullJourneyTest" time="5.358">
    <system-out><![CDATA[Request method:	POST
Request URI:	https://api.eventhub.rahulshettyacademy.com/api/auth/login
Proxy:			<none>
Request params:	<none>
Query params:	<none>
Form params:	<none>
Path params:	<none>
Headers:		Accept=*/*
				Content-Type=application/json
Cookies:		<none>
Multiparts:		<none>
Body:
{
    "email": "mafdangowda8095@gmail.com",
    "password": "Madan@123"
}
HTTP/1.1 200 OK
Date: Tue, 17 Mar 2026 09:37:16 GMT
Server: Apache/2.4.52 (Ubuntu)
X-Powered-By: Express
Access-Control-Allow-Origin: https://eventhub.rahulshettyacademy.com
Vary: Origin
Access-Control-Allow-Credentials: true
Content-Type: application/json; charset=utf-8
Content-Length: 274
ETag: W/"112-GS34aTXVfjL3jKcO0R8LR1Chctk"
Keep-Alive: timeout=5, max=100
Connection: Keep-Alive

{
    "success": true,
    "token": "eyJhbGciOiJIUzI1NiIsInR5cCI6IkpXVCJ9.eyJ1c2VySWQiOjkyNiwiZW1haWwiOiJtYWZkYW5nb3dkYTgwOTVAZ21haWwuY29tIiwiaWF0IjoxNzczNzQwMjM2LCJleHAiOjE3NzQzNDUwMzZ9.o_UDq2Z4qPKRPhzVXGecsmD6eO-S-XNSpgZCqH4O56g",
    "user": {
        "id": 926,
        "email": "mafdangowda8095@gmail.com"
    }
}
Request method:	POST
Request URI:	https://api.eventhub.rahulshettyacademy.com/api/auth/register
Proxy:			<none>
Request params:	<none>
Query params:	<none>
Form params:	<none>
Path params:	<none>
Headers:		Accept=*/*
				Content-Type=application/json
Cookies:		<none>
Multiparts:		<none>
Body:
{
    "email": "testuser_1773740242227@test.com",
    "password": "Test@e023JZxP"
}
HTTP/1.1 201 Created
Date: Tue, 17 Mar 2026 09:37:22 GMT
Server: Apache/2.4.52 (Ubuntu)
X-Powered-By: Express
Access-Control-Allow-Origin: https://eventhub.rahulshettyacademy.com
Vary: Origin
Access-Control-Allow-Credentials: true
Content-Type: application/json; charset=utf-8
Content-Length: 288
ETag: W/"120-xT7WuJhkCjUV2x59kBhx2zINqUc"
Keep-Alive: timeout=5, max=100
Connection: Keep-Alive

{
    "success": true,
    "token": "eyJhbGciOiJIUzI1NiIsInR5cCI6IkpXVCJ9.eyJ1c2VySWQiOjk5NywiZW1haWwiOiJ0ZXN0dXNlcl8xNzczNzQwMjQyMjI3QHRlc3QuY29tIiwiaWF0IjoxNzczNzQwMjQyLCJleHAiOjE3NzQzNDUwNDJ9.zjkihSn6CVJ9Wqxea-WatvwooR3Li4tfjmCJvdXPyEM",
    "user": {
        "id": 997,
        "email": "testuser_1773740242227@test.com"
    }
}
]]></system-out>
    <system-err><![CDATA[SLF4J: Failed to load class "org.slf4j.impl.StaticLoggerBinder".
SLF4J: Defaulting to no-operation (NOP) logger implementation
SLF4J: See http://www.slf4j.org/codes.html#StaticLoggerBinder for further details.
]]></system-err>
  </testcase>
  <testcase name="step2_LoginWithRegisteredUser" classname="com.eventmanagement.tests.e2e.FullJourneyTest" time="0.139">
    <system-out><![CDATA[Request method:	GET
Request URI:	https://api.eventhub.rahulshettyacademy.com/api/auth/me
Proxy:			<none>
Request params:	<none>
Query params:	<none>
Form params:	<none>
Path params:	<none>
Headers:		Authorization=Bearer eyJhbGciOiJIUzI1NiIsInR5cCI6IkpXVCJ9.eyJ1c2VySWQiOjk5NywiZW1haWwiOiJ0ZXN0dXNlcl8xNzczNzQwMjQyMjI3QHRlc3QuY29tIiwiaWF0IjoxNzczNzQwMjQyLCJleHAiOjE3NzQzNDUwNDJ9.zjkihSn6CVJ9Wqxea-WatvwooR3Li4tfjmCJvdXPyEM
				Accept=*/*
				Content-Type=application/json
Cookies:		<none>
Multiparts:		<none>
Body:			<none>
HTTP/1.1 200 OK
Date: Tue, 17 Mar 2026 09:37:22 GMT
Server: Apache/2.4.52 (Ubuntu)
X-Powered-By: Express
Access-Control-Allow-Origin: https://eventhub.rahulshettyacademy.com
Vary: Origin
Access-Control-Allow-Credentials: true
Content-Type: application/json; charset=utf-8
Content-Length: 114
ETag: W/"72-0NMteKlks1ieQSAmRN1xO3J6sGI"
Keep-Alive: timeout=5, max=100
Connection: Keep-Alive

{
    "success": true,
    "user": {
        "userId": 997,
        "email": "testuser_1773740242227@test.com",
        "iat": 1773740242,
        "exp": 1774345042
    }
}
]]></system-out>
  </testcase>
  <testcase name="step3_CreateEvent" classname="com.eventmanagement.tests.e2e.FullJourneyTest" time="0.217">
    <system-out><![CDATA[Request method:	POST
Request URI:	https://api.eventhub.rahulshettyacademy.com/api/events
Proxy:			<none>
Request params:	<none>
Query params:	<none>
Form params:	<none>
Path params:	<none>
Headers:		Authorization=Bearer eyJhbGciOiJIUzI1NiIsInR5cCI6IkpXVCJ9.eyJ1c2VySWQiOjkyNiwiZW1haWwiOiJtYWZkYW5nb3dkYTgwOTVAZ21haWwuY29tIiwiaWF0IjoxNzczNzQwMjM2LCJleHAiOjE3NzQzNDUwMzZ9.o_UDq2Z4qPKRPhzVXGecsmD6eO-S-XNSpgZCqH4O56g
				Accept=*/*
				Content-Type=application/json
Cookies:		<none>
Multiparts:		<none>
Body:
{
    "title": "E2E Full Journey Event",
    "description": "Tenetur rerum natus quia esse. Officia non velit. Aspernatur aspernatur qui quia blanditiis.",
    "category": "Conference",
    "venue": "6889 Jannie Manor, West Auroraport",
    "city": "Hyderabad",
    "eventDate": "2026-06-07T15:07:22.695445",
    "price": 1439,
    "totalSeats": 200,
    "imageUrl": "https://picsum.photos/seed/7iks2m/800/400"
}
HTTP/1.1 201 Created
Date: Tue, 17 Mar 2026 09:37:22 GMT
Server: Apache/2.4.52 (Ubuntu)
X-Powered-By: Express
Access-Control-Allow-Origin: https://eventhub.rahulshettyacademy.com
Vary: Origin
Access-Control-Allow-Credentials: true
Content-Type: application/json; charset=utf-8
Content-Length: 559
ETag: W/"22f-s4sSxb18IPpfGesvbeZwtuS3r4s"
Keep-Alive: timeout=5, max=100
Connection: Keep-Alive

{
    "success": true,
    "data": {
        "id": 4658,
        "title": "E2E Full Journey Event",
        "description": "Tenetur rerum natus quia esse. Officia non velit. Aspernatur aspernatur qui quia blanditiis.",
        "category": "Conference",
        "venue": "6889 Jannie Manor, West Auroraport",
        "city": "Hyderabad",
        "eventDate": "2026-06-07T15:07:22.695Z",
        "price": "1439",
        "totalSeats": 200,
        "availableSeats": 200,
        "imageUrl": "https://picsum.photos/seed/7iks2m/800/400",
        "isStatic": false,
        "userId": 926,
        "createdAt": "2026-03-17T09:37:22.890Z",
        "updatedAt": "2026-03-17T09:37:22.890Z"
    },
    "message": "Event created successfully"
}
]]></system-out>
  </testcase>
  <testcase name="step4_BookTheEvent" classname="com.eventmanagement.tests.e2e.FullJourneyTest" time="0.139">
    <failure message="Booking ref should start with EVT- expected [true] but found [false]" type="java.lang.AssertionError"><![CDATA[java.lang.AssertionError: Booking ref should start with EVT- expected [true] but found [false]
	at org.testng.Assert.fail(Assert.java:111)
	at org.testng.Assert.failNotEquals(Assert.java:1578)
	at org.testng.Assert.assertTrue(Assert.java:57)
	at com.eventmanagement.tests.e2e.FullJourneyTest.step4_BookTheEvent(FullJourneyTest.java:89)
	at java.base/jdk.internal.reflect.DirectMethodHandleAccessor.invoke(DirectMethodHandleAccessor.java:104)
	at java.base/java.lang.reflect.Method.invoke(Method.java:565)
	at org.testng.internal.invokers.MethodInvocationHelper.invokeMethod(MethodInvocationHelper.java:141)
	at org.testng.internal.invokers.TestInvoker.invokeMethod(TestInvoker.java:686)
	at org.testng.internal.invokers.TestInvoker.invokeTestMethod(TestInvoker.java:230)
	at org.testng.internal.invokers.MethodRunner.runInSequence(MethodRunner.java:63)
	at org.testng.internal.invokers.TestInvoker$MethodInvocationAgent.invoke(TestInvoker.java:992)
	at org.testng.internal.invokers.TestInvoker.invokeTestMethods(TestInvoker.java:203)
	at org.testng.internal.invokers.TestMethodWorker.invokeTestMethods(TestMethodWorker.java:154)
	at org.testng.internal.invokers.TestMethodWorker.run(TestMethodWorker.java:134)
	at java.base/java.util.ArrayList.forEach(ArrayList.java:1604)
	at org.testng.TestRunner.privateRun(TestRunner.java:739)
	at org.testng.TestRunner.run(TestRunner.java:614)
	at org.testng.SuiteRunner.runTest(SuiteRunner.java:421)
	at org.testng.SuiteRunner.runSequentially(SuiteRunner.java:413)
	at org.testng.SuiteRunner.privateRun(SuiteRunner.java:373)
	at org.testng.SuiteRunner.run(SuiteRunner.java:312)
	at org.testng.SuiteRunnerWorker.runSuite(SuiteRunnerWorker.java:52)
	at org.testng.SuiteRunnerWorker.run(SuiteRunnerWorker.java:95)
	at org.testng.TestNG.runSuitesSequentially(TestNG.java:1274)
	at org.testng.TestNG.runSuitesLocally(TestNG.java:1208)
	at org.testng.TestNG.runSuites(TestNG.java:1112)
	at org.testng.TestNG.run(TestNG.java:1079)
	at org.apache.maven.surefire.testng.TestNGExecutor.run(TestNGExecutor.java:155)
	at org.apache.maven.surefire.testng.TestNGDirectoryTestSuite.executeSingleClass(TestNGDirectoryTestSuite.java:102)
	at org.apache.maven.surefire.testng.TestNGDirectoryTestSuite.execute(TestNGDirectoryTestSuite.java:91)
	at org.apache.maven.surefire.testng.TestNGProvider.invoke(TestNGProvider.java:137)
	at org.apache.maven.surefire.booter.ForkedBooter.runSuitesInProcess(ForkedBooter.java:385)
	at org.apache.maven.surefire.booter.ForkedBooter.execute(ForkedBooter.java:162)
	at org.apache.maven.surefire.booter.ForkedBooter.run(ForkedBooter.java:507)
	at org.apache.maven.surefire.booter.ForkedBooter.main(ForkedBooter.java:495)
]]></failure>
    <system-out><![CDATA[Request method:	POST
Request URI:	https://api.eventhub.rahulshettyacademy.com/api/bookings
Proxy:			<none>
Request params:	<none>
Query params:	<none>
Form params:	<none>
Path params:	<none>
Headers:		Authorization=Bearer eyJhbGciOiJIUzI1NiIsInR5cCI6IkpXVCJ9.eyJ1c2VySWQiOjkyNiwiZW1haWwiOiJtYWZkYW5nb3dkYTgwOTVAZ21haWwuY29tIiwiaWF0IjoxNzczNzQwMjM2LCJleHAiOjE3NzQzNDUwMzZ9.o_UDq2Z4qPKRPhzVXGecsmD6eO-S-XNSpgZCqH4O56g
				Accept=*/*
				Content-Type=application/json
Cookies:		<none>
Multiparts:		<none>
Body:
{
    "eventId": 4658,
    "quantity": 2,
    "customerName": "Louie Collins",
    "customerEmail": "werner.pollich@yahoo.com",
    "customerPhone": "+91-6336468535"
}
HTTP/1.1 201 Created
Date: Tue, 17 Mar 2026 09:37:23 GMT
Server: Apache/2.4.52 (Ubuntu)
X-Powered-By: Express
Access-Control-Allow-Origin: https://eventhub.rahulshettyacademy.com
Vary: Origin
Access-Control-Allow-Credentials: true
Content-Type: application/json; charset=utf-8
Content-Length: 862
ETag: W/"35e-d60ur9/mp2Rm1tQrt3K2ipwzWE4"
Keep-Alive: timeout=5, max=100
Connection: Keep-Alive

{
    "success": true,
    "data": {
        "id": 4511,
        "eventId": 4658,
        "userId": 926,
        "customerName": "Louie Collins",
        "customerEmail": "werner.pollich@yahoo.com",
        "customerPhone": "+91-6336468535",
        "quantity": 2,
        "totalPrice": "2878",
        "status": "confirmed",
        "bookingRef": "E-NCZITV",
        "createdAt": "2026-03-17T09:37:23.026Z",
        "updatedAt": "2026-03-17T09:37:23.026Z",
        "event": {
            "id": 4658,
            "title": "E2E Full Journey Event",
            "description": "Tenetur rerum natus quia esse. Officia non velit. Aspernatur aspernatur qui quia blanditiis.",
            "category": "Conference",
            "venue": "6889 Jannie Manor, West Auroraport",
            "city": "Hyderabad",
            "eventDate": "2026-06-07T15:07:22.695Z",
            "price": "1439",
            "totalSeats": 200,
            "availableSeats": 200,
            "imageUrl": "https://picsum.photos/seed/7iks2m/800/400",
            "isStatic": false,
            "userId": 926,
            "createdAt": "2026-03-17T09:37:22.890Z",
            "updatedAt": "2026-03-17T09:37:22.890Z"
        }
    },
    "message": "Booking confirmed!"
}
]]></system-out>
  </testcase>
  <testcase name="step5_VerifyBookingInListing" classname="com.eventmanagement.tests.e2e.FullJourneyTest" time="0.0">
    <skipped message="Method com.eventmanagement.tests.e2e.FullJourneyTest.step5_VerifyBookingInListing() on instance com.eventmanagement.tests.e2e.FullJourneyTest@29a23c3d depends on not successfully finished methods &#10;[com.eventmanagement.tests.e2e.FullJourneyTest.step4_BookTheEvent() on instance com.eventmanagement.tests.e2e.FullJourneyTest@29a23c3d]"/>
  </testcase>
  <testcase name="step6_CancelBookingAndVerifySeats" classname="com.eventmanagement.tests.e2e.FullJourneyTest" time="0.0">
    <skipped message="Method com.eventmanagement.tests.e2e.FullJourneyTest.step6_CancelBookingAndVerifySeats() on instance com.eventmanagement.tests.e2e.FullJourneyTest@29a23c3d depends on not successfully finished methods &#10;[com.eventmanagement.tests.e2e.FullJourneyTest.step5_VerifyBookingInListing() on instance com.eventmanagement.tests.e2e.FullJourneyTest@29a23c3d]"/>
  </testcase>
  <testcase name="step7_DeleteEventAndVerify" classname="com.eventmanagement.tests.e2e.FullJourneyTest" time="0.0">
    <skipped message="Method com.eventmanagement.tests.e2e.FullJourneyTest.step7_DeleteEventAndVerify() on instance com.eventmanagement.tests.e2e.FullJourneyTest@29a23c3d depends on not successfully finished methods &#10;[com.eventmanagement.tests.e2e.FullJourneyTest.step6_CancelBookingAndVerifySeats() on instance com.eventmanagement.tests.e2e.FullJourneyTest@29a23c3d]"/>
  </testcase>
</testsuite>