<?xml version="1.0" encoding="UTF-8"?>
<testsuite xmlns:xsi="http://www.w3.org/2001/XMLSchema-instance" xsi:noNamespaceSchemaLocation="https://maven.apache.org/surefire/maven-surefire-plugin/xsd/surefire-test-report.xsd" version="3.0.2" name="com.eventmanagement.tests.api.HealthApiTest" time="7.838" tests="3" errors="0" skipped="0" failures="0">
  <properties>
[...]
</properties>
  <testcase name="healthResponseTimeShouldBeUnder2Seconds" classname="com.eventmanagement.tests.api.HealthApiTest" time="5.176">
    <system-out><![CDATA[Request method:	POST
Request URI:	https://api.eventhub.rahulshettyacademy.com/api/auth/login
Proxy:			<none>
Request params:	<none>
Query params:	<none>
Form params:	<none>
Path params:	<none>
Headers:		Accept=*/*
				Content-Type=application/json
Cookies:		<none>
Multiparts:		<none>
Body:
{
    "email": "mafdangowda8095@gmail.com",
    "password": "Madan@123"
}
HTTP/1.1 200 OK
Date: Tue, 17 Mar 2026 09:36:09 GMT
Server: Apache/2.4.52 (Ubuntu)
X-Powered-By: Express
Access-Control-Allow-Origin: https://eventhub.rahulshettyacademy.com
Vary: Origin
Access-Control-Allow-Credentials: true
Content-Type: application/json; charset=utf-8
Content-Length: 274
ETag: W/"112-AEQ1ieWiOolWiFWfVmKfUAKRdOw"
Keep-Alive: timeout=5, max=100
Connection: Keep-Alive

{
    "success": true,
    "token": "eyJhbGciOiJIUzI1NiIsInR5cCI6IkpXVCJ9.eyJ1c2VySWQiOjkyNiwiZW1haWwiOiJtYWZkYW5nb3dkYTgwOTVAZ21haWwuY29tIiwiaWF0IjoxNzczNzQwMTY5LCJleHAiOjE3NzQzNDQ5Njl9.cDvpQXu9hr_4Sf8-TOX2W8ppQRyts4Z1ZA9Z4LhudAY",
    "user": {
        "id": 926,
        "email": "mafdangowda8095@gmail.com"
    }
}
Request method:	GET
Request URI:	https://api.eventhub.rahulshettyacademy.com/api/health
Proxy:			<none>
Request params:	<none>
Query params:	<none>
Form params:	<none>
Path params:	<none>
Headers:		Accept=*/*
				Content-Type=application/json
Cookies:		<none>
Multiparts:		<none>
Body:			<none>
HTTP/1.1 200 OK
Date: Tue, 17 Mar 2026 09:36:15 GMT
Server: Apache/2.4.52 (Ubuntu)
X-Powered-By: Express
Access-Control-Allow-Origin: https://eventhub.rahulshettyacademy.com
Vary: Origin
Access-Control-Allow-Credentials: true
Content-Type: application/json; charset=utf-8
Content-Length: 77
ETag: W/"4d-W9tuM9SetBACtONIR/iYs5rr+8Y"
Keep-Alive: timeout=5, max=100
Connection: Keep-Alive

{
    "status": "ok",
    "timestamp": "2026-03-17T09:36:15.457Z",
    "dbStatus": "connected"
}
]]></system-out>
    <system-err><![CDATA[SLF4J: Failed to load class "org.slf4j.impl.StaticLoggerBinder".
SLF4J: Defaulting to no-operation (NOP) logger implementation
SLF4J: See http://www.slf4j.org/codes.html#StaticLoggerBinder for further details.
]]></system-err>
  </testcase>
  <testcase name="shouldReturnFeatureFlagObject" classname="com.eventmanagement.tests.api.HealthApiTest" time="0.134">
    <system-out><![CDATA[Request method:	GET
Request URI:	https://api.eventhub.rahulshettyacademy.com/api/config
Proxy:			<none>
Request params:	<none>
Query params:	<none>
Form params:	<none>
Path params:	<none>
Headers:		Accept=*/*
				Content-Type=application/json
Cookies:		<none>
Multiparts:		<none>
Body:			<none>
HTTP/1.1 200 OK
Date: Tue, 17 Mar 2026 09:36:15 GMT
Server: Apache/2.4.52 (Ubuntu)
X-Powered-By: Express
Access-Control-Allow-Origin: https://eventhub.rahulshettyacademy.com
Vary: Origin
Access-Control-Allow-Credentials: true
Content-Type: application/json; charset=utf-8
Content-Length: 26
ETag: W/"1a-ziK1RaszMvv17hyXC9KCjlgOrDQ"
Keep-Alive: timeout=5, max=100
Connection: Keep-Alive

{
    "showExploreLinks": false
}
]]></system-out>
  </testcase>
  <testcase name="shouldReturnHealthyStatus" classname="com.eventmanagement.tests.api.HealthApiTest" time="0.127">
    <system-out><![CDATA[Request method:	GET
Request URI:	https://api.eventhub.rahulshettyacademy.com/api/health
Proxy:			<none>
Request params:	<none>
Query params:	<none>
Form params:	<none>
Path params:	<none>
Headers:		Accept=*/*
				Content-Type=application/json
Cookies:		<none>
Multiparts:		<none>
Body:			<none>
HTTP/1.1 200 OK
Date: Tue, 17 Mar 2026 09:36:15 GMT
Server: Apache/2.4.52 (Ubuntu)
X-Powered-By: Express
Access-Control-Allow-Origin: https://eventhub.rahulshettyacademy.com
Vary: Origin
Access-Control-Allow-Credentials: true
Content-Type: application/json; charset=utf-8
Content-Length: 77
ETag: W/"4d-AjeZCILGrYHWFyrSJl1ljaE9U6Y"
Keep-Alive: timeout=5, max=100
Connection: Keep-Alive

{
    "status": "ok",
    "timestamp": "2026-03-17T09:36:15.738Z",
    "dbStatus": "connected"
}
]]></system-out>
  </testcase>
</testsuite>