<?xml version="1.0" encoding="UTF-8"?>
<!-- Generated by org.testng.reporters.JUnitReportReporter -->
<testsuite hostname="PluginHives-MacBook-Air-3.local" failures="0" tests="4" name="com.eventmanagement.tests.integration.ApiIntegrationTest" time="1.970" errors="0" timestamp="2026-03-17T15:08:25 IST" skipped="0">
  <testcase classname="com.eventmanagement.tests.integration.ApiIntegrationTest" name="fullBookingLifecycle" time="0.664"/>
  <testcase classname="com.eventmanagement.tests.integration.ApiIntegrationTest" name="singleTokenShouldAccessAllResources" time="0.341"/>
  <testcase classname="com.eventmanagement.tests.integration.ApiIntegrationTest" name="updateEventAndVerifyViaGet" time="0.425"/>
  <testcase classname="com.eventmanagement.tests.integration.ApiIntegrationTest" name="createEventThenBookIt" time="0.540"/>
</testsuite> <!-- com.eventmanagement.tests.integration.ApiIntegrationTest -->
