<?xml version="1.0" encoding="UTF-8"?>
<!-- Generated by org.testng.reporters.JUnitReportReporter -->
<testsuite hostname="PluginHives-MacBook-Air-3.local" failures="0" tests="6" name="com.eventmanagement.tests.performance.PerformanceTest" time="5.986" errors="0" timestamp="2026-03-17T15:08:25 IST" skipped="0">
  <testcase classname="com.eventmanagement.tests.performance.PerformanceTest" name="healthEndpointShouldRespondUnder2s" time="5.122"/>
  <testcase classname="com.eventmanagement.tests.performance.PerformanceTest" name="getEventByIdShouldRespondUnder2s" time="0.266"/>
  <testcase classname="com.eventmanagement.tests.performance.PerformanceTest" name="listEventsEndpointShouldRespondUnder2s" time="0.115"/>
  <testcase classname="com.eventmanagement.tests.performance.PerformanceTest" name="loginEndpointShouldRespondUnder2s" time="0.215"/>
  <testcase classname="com.eventmanagement.tests.performance.PerformanceTest" name="listBookingsEndpointShouldRespondUnder2s" time="0.127"/>
  <testcase classname="com.eventmanagement.tests.performance.PerformanceTest" name="createEventEndpointShouldRespondUnder2s" time="0.141"/>
</testsuite> <!-- com.eventmanagement.tests.performance.PerformanceTest -->
