<?xml version="1.0" encoding="UTF-8"?>
<!-- Generated by org.testng.reporters.JUnitReportReporter -->
<testsuite hostname="PluginHives-MacBook-Air-3.local" failures="0" tests="3" name="com.eventmanagement.tests.api.HealthApiTest" time="5.409" errors="0" timestamp="2026-03-17T15:06:15 IST" skipped="0">
  <testcase classname="com.eventmanagement.tests.api.HealthApiTest" name="healthResponseTimeShouldBeUnder2Seconds" time="5.148"/>
  <testcase classname="com.eventmanagement.tests.api.HealthApiTest" name="shouldReturnHealthyStatus" time="0.127"/>
  <testcase classname="com.eventmanagement.tests.api.HealthApiTest" name="shouldReturnFeatureFlagObject" time="0.134"/>
</testsuite> <!-- com.eventmanagement.tests.api.HealthApiTest -->
